    ticketBot, start: Wed. 11. Apr. 2018, 12:26:48
             version: 2.5.4
Wed. 11. Apr. 2018, 12:26:49: telegramMsgCmd:
  chat_id: 9727018
  nachricht: /link
AENDERUNG DES ANGEBOTS:
Wed. 11. Apr. 2018, 12:26:49
Starte mit Seite: 2
Starte mit Seite: 3
Fertig mit Seite: 2
Fertig mit Seite: 3
Wed. 11. Apr. 2018, 12:26:53: telegramMsgCmd:
  chat_id: 9727018
  nachricht: /systeminfo
Wed. 11. Apr. 2018, 12:27:03: telegramMsgCmd:
  chat_id: 9727018
  nachricht: /help
Wed. 11. Apr. 2018, 12:34:39:, 100 Anfragen in 471.0 Sek gesendet.
Wed. 11. Apr. 2018, 12:42:29:, 100 Anfragen in 470.0 Sek gesendet.
Wed. 11. Apr. 2018, 12:50:19:, 100 Anfragen in 469.8 Sek gesendet.
Wed. 11. Apr. 2018, 12:58:10:, 100 Anfragen in 470.9 Sek gesendet.
Wed. 11. Apr. 2018, 13:06:05:, 100 Anfragen in 474.9 Sek gesendet.
Wed. 11. Apr. 2018, 13:13:54:, 100 Anfragen in 468.6 Sek gesendet.
Wed. 11. Apr. 2018, 13:21:43:, 100 Anfragen in 469.1 Sek gesendet.
AENDERUNG DES ANGEBOTS:
Wed. 11. Apr. 2018, 13:21:57
Starte mit Seite: 2
Starte mit Seite: 3
Fertig mit Seite: 2
Fertig mit Seite: 3
11,00 € --- 11,00 €
0 --- 0
12,10 € --- 12,10 €
1 --- 1
13,20 € --- 13,20 €
2 --- 2
13,20 € --- 13,20 €
3 --- 3
13,20 € --- 13,20 €
4 --- 4
13,20 € --- 13,20 €
5 --- 5
13,20 € --- 13,20 €
6 --- 6
16,50 € --- 16,50 €
7 --- 7
16,50 € --- 16,50 €
8 --- 8
16,50 € --- 16,50 €
9 --- 9
16,50 € --- 16,50 €
10 --- 10
16,50 € --- 16,50 €
11 --- 11
17,60 € --- 17,60 €
12 --- 12
19,80 € --- 19,80 €
13 --- 13
38,50 € --- 38,50 €
14 --- 14
71,50 € --- 71,50 €
15 --- 15
71,50 € --- 71,50 €
16 --- 16
328,90 € --- 203,50 €
----- 17
328,90 € --- 328,90 €
17 --- 18
328,90 € --- 328,90 €
18 --- 19
328,90 € --- 328,90 €
19 --- 20
328,90 € --- 328,90 €
20 --- 21
328,90 € --- 328,90 €
21 --- 22
a_i: 22 , len(old): 22
n_j: 23 , len(new): 23
-- REMOVED:
-- ADDED:
{'added': 1523445718, 'ticket_price': '203,50 €', 'still_available': True, 'btn_name': 'ctl00$MainContentPlaceHolder$_ticketResaleList$ctrl14$_addToCartCommand', 'ticket_type': 'Festivalticket Phase 3', 'page': 2}



--- ENDE AENDERUNG ---



Wed. 11. Apr. 2018, 13:22:17: telegramMsgCmd:
  chat_id: 9727018
  nachricht: \systeminfo
Wed. 11. Apr. 2018, 13:22:29: telegramMsgCmd:
  chat_id: 9727018
  nachricht: /systeminfo
AENDERUNG DES ANGEBOTS:
Wed. 11. Apr. 2018, 13:25:20
Starte mit Seite: 2
Starte mit Seite: 3
Fertig mit Seite: 2
Fertig mit Seite: 3
11,00 € --- 11,00 €
0 --- 0
12,10 € --- 12,10 €
1 --- 1
13,20 € --- 13,20 €
2 --- 2
13,20 € --- 13,20 €
3 --- 3
13,20 € --- 13,20 €
4 --- 4
13,20 € --- 13,20 €
5 --- 5
13,20 € --- 13,20 €
6 --- 6
16,50 € --- 16,50 €
7 --- 7
16,50 € --- 16,50 €
8 --- 8
16,50 € --- 16,50 €
9 --- 9
16,50 € --- 16,50 €
10 --- 10
16,50 € --- 16,50 €
11 --- 11
17,60 € --- 17,60 €
12 --- 12
19,80 € --- 19,80 €
13 --- 13
38,50 € --- 38,50 €
14 --- 14
71,50 € --- 71,50 €
15 --- 15
71,50 € --- 71,50 €
16 --- 16
203,50 € --- 157,30 €
----- 17
203,50 € --- 203,50 €
17 --- 18
328,90 € --- 328,90 €
18 --- 19
328,90 € --- 328,90 €
19 --- 20
328,90 € --- 328,90 €
20 --- 21
328,90 € --- 328,90 €
21 --- 22
328,90 € --- 328,90 €
22 --- 23
a_i: 23 , len(old): 23
n_j: 24 , len(new): 24
-- REMOVED:
-- ADDED:
{'added': 1523445921, 'ticket_price': '157,30 €', 'still_available': True, 'btn_name': 'ctl00$MainContentPlaceHolder$_ticketResaleList$ctrl14$_addToCartCommand', 'ticket_type': 'Festivalticket Phase 1', 'page': 2}



--- ENDE AENDERUNG ---



Wed. 11. Apr. 2018, 13:25:29: telegramMsgCmd:
  chat_id: 9727018
  nachricht: /link
Wed. 11. Apr. 2018, 13:29:34:, 100 Anfragen in 470.7 Sek gesendet.
AENDERUNG DES ANGEBOTS:
Wed. 11. Apr. 2018, 13:32:32
Starte mit Seite: 2
Starte mit Seite: 3
Fertig mit Seite: 2
Fertig mit Seite: 3
11,00 € --- 11,00 €
0 --- 0
12,10 € --- 12,10 €
1 --- 1
13,20 € --- 13,20 €
2 --- 2
13,20 € --- 13,20 €
3 --- 3
13,20 € --- 13,20 €
4 --- 4
13,20 € --- 13,20 €
5 --- 5
13,20 € --- 13,20 €
6 --- 6
16,50 € --- 16,50 €
7 --- 7
16,50 € --- 16,50 €
8 --- 8
16,50 € --- 16,50 €
9 --- 9
16,50 € --- 16,50 €
10 --- 10
16,50 € --- 16,50 €
11 --- 11
17,60 € --- 17,60 €
12 --- 12
19,80 € --- 19,80 €
13 --- 13
38,50 € --- 38,50 €
14 --- 14
71,50 € --- 71,50 €
15 --- 15
71,50 € --- 71,50 €
16 --- 16
157,30 € --- 133,10 €
----- 17
157,30 € --- 157,30 €
17 --- 18
203,50 € --- 203,50 €
18 --- 19
328,90 € --- 328,90 €
19 --- 20
328,90 € --- 328,90 €
20 --- 21
328,90 € --- 328,90 €
21 --- 22
328,90 € --- 328,90 €
22 --- 23
328,90 € --- 328,90 €
23 --- 24
a_i: 24 , len(old): 24
n_j: 25 , len(new): 25
-- REMOVED:
-- ADDED:
Try to reserve a ticket:
  name: Festivalticket Phase 1
  price: 133,10 €
{'added': 1523446353, 'ticket_price': '133,10 €', 'still_available': True, 'btn_name': 'ctl00$MainContentPlaceHolder$_ticketResaleList$ctrl14$_addToCartCommand', 'ticket_type': 'Festivalticket Phase 1', 'page': 2}



--- ENDE AENDERUNG ---




Cookies der Session:

  .ASPXANONYMOUS:
APrxnRoI1AEkAAAAMjIyNDRhNTQtNTE4Ny00OWFiLThmZWQtMTVlOTY3NjIyOTk0zG9cjID014wuCvde5PW8SRNNhKc1

  ASP.NET_SessionId:
pjffmlvecpwvjgk4gy3nd5wg


  duration (1x post): 0.13988852500915527
Wed. 11. Apr. 2018, 13:37:23:, 100 Anfragen in 469.6 Sek gesendet.
AENDERUNG DES ANGEBOTS:
Wed. 11. Apr. 2018, 13:44:35
Starte mit Seite: 2
Starte mit Seite: 3
Fertig mit Seite: 2
Fertig mit Seite: 3
11,00 € --- 11,00 €
0 --- 0
12,10 € --- 12,10 €
1 --- 1
13,20 € --- 13,20 €
2 --- 2
13,20 € --- 13,20 €
3 --- 3
13,20 € --- 13,20 €
4 --- 4
13,20 € --- 13,20 €
5 --- 5
13,20 € --- 13,20 €
6 --- 6
16,50 € --- 16,50 €
7 --- 7
16,50 € --- 16,50 €
8 --- 8
16,50 € --- 16,50 €
9 --- 9
16,50 € --- 16,50 €
10 --- 10
16,50 € --- 16,50 €
11 --- 11
17,60 € --- 17,60 €
12 --- 12
19,80 € --- 19,80 €
13 --- 13
38,50 € --- 38,50 €
14 --- 14
71,50 € --- 71,50 €
15 --- 15
71,50 € --- 71,50 €
16 --- 16
133,10 € --- 133,10 €
17 --- 17
157,30 € --- 157,30 €
18 --- 18
203,50 € --- 328,90 €
19 -----
328,90 € --- 328,90 €
20 --- 19
328,90 € --- 328,90 €
21 --- 20
328,90 € --- 328,90 €
22 --- 21
328,90 € --- 328,90 €
23 --- 22
328,90 € --- 328,90 €
24 --- 23
a_i: 25 , len(old): 25
n_j: 24 , len(new): 24
-- REMOVED:
{'removed': 1523447076, 'added': 1523445718, 'ticket_price': '203,50 €', 'still_available': True, 'btn_name': 'ctl00$MainContentPlaceHolder$_ticketResaleList$ctrl14$_addToCartCommand', 'ticket_type': 'Festivalticket Phase 3', 'page': 2}
-- ADDED:



--- ENDE AENDERUNG ---



Wed. 11. Apr. 2018, 13:45:14:, 100 Anfragen in 470.2 Sek gesendet.
AENDERUNG DES ANGEBOTS:
Wed. 11. Apr. 2018, 13:52:56
Starte mit Seite: 2
Starte mit Seite: 3
Fertig mit Seite: 2
Fertig mit Seite: 3
11,00 € --- 11,00 €
0 --- 0
12,10 € --- 12,10 €
1 --- 1
13,20 € --- 13,20 €
2 --- 2
13,20 € --- 13,20 €
3 --- 3
13,20 € --- 13,20 €
4 --- 4
13,20 € --- 13,20 €
5 --- 5
13,20 € --- 13,20 €
6 --- 6
16,50 € --- 16,50 €
7 --- 7
16,50 € --- 16,50 €
8 --- 8
16,50 € --- 16,50 €
9 --- 9
16,50 € --- 16,50 €
10 --- 10
16,50 € --- 16,50 €
11 --- 11
17,60 € --- 17,60 €
12 --- 12
19,80 € --- 19,80 €
13 --- 13
38,50 € --- 38,50 €
14 --- 14
71,50 € --- 71,50 €
15 --- 15
71,50 € --- 71,50 €
16 --- 16
133,10 € --- 133,10 €
17 --- 17
157,30 € --- 157,30 €
18 --- 18
328,90 € --- 176,00 €
----- 19
328,90 € --- 328,90 €
19 --- 20
328,90 € --- 328,90 €
20 --- 21
328,90 € --- 328,90 €
21 --- 22
328,90 € --- 328,90 €
22 --- 23
328,90 € --- 328,90 €
23 --- 24
a_i: 24 , len(old): 24
n_j: 25 , len(new): 25
-- REMOVED:
-- ADDED:
{'added': 1523447578, 'ticket_price': '176,00 €', 'still_available': True, 'btn_name': 'ctl00$MainContentPlaceHolder$_ticketResaleList$ctrl18$_addToCartCommand', 'ticket_type': 'Festivalticket Phase 3', 'page': 2}



--- ENDE AENDERUNG ---



Wed. 11. Apr. 2018, 13:53:02:, 100 Anfragen in 468.6 Sek gesendet.
AENDERUNG DES ANGEBOTS:
Wed. 11. Apr. 2018, 14:00:50
Starte mit Seite: 2
Starte mit Seite: 3
Fertig mit Seite: 2
Fertig mit Seite: 3
11,00 € --- 11,00 €
0 --- 0
12,10 € --- 12,10 €
1 --- 1
13,20 € --- 13,20 €
2 --- 2
13,20 € --- 13,20 €
3 --- 3
13,20 € --- 13,20 €
4 --- 4
13,20 € --- 13,20 €
5 --- 5
13,20 € --- 13,20 €
6 --- 6
16,50 € --- 16,50 €
7 --- 7
16,50 € --- 16,50 €
8 --- 8
16,50 € --- 16,50 €
9 --- 9
16,50 € --- 16,50 €
10 --- 10
16,50 € --- 16,50 €
11 --- 11
17,60 € --- 17,60 €
12 --- 12
19,80 € --- 19,80 €
13 --- 13
38,50 € --- 38,50 €
14 --- 14
71,50 € --- 71,50 €
15 --- 15
71,50 € --- 71,50 €
16 --- 16
133,10 € --- 133,10 €
17 --- 17
157,30 € --- 176,00 €
18 -----
176,00 € --- 176,00 €
19 --- 18
328,90 € --- 328,90 €
20 --- 19
328,90 € --- 328,90 €
21 --- 20
328,90 € --- 328,90 €
22 --- 21
328,90 € --- 328,90 €
23 --- 22
328,90 € --- 328,90 €
24 --- 23
a_i: 25 , len(old): 25
n_j: 24 , len(new): 24
-- REMOVED:
{'removed': 1523448051, 'added': 1523445921, 'ticket_price': '157,30 €', 'still_available': True, 'btn_name': 'ctl00$MainContentPlaceHolder$_ticketResaleList$ctrl14$_addToCartCommand', 'ticket_type': 'Festivalticket Phase 1', 'page': 2}
-- ADDED:



--- ENDE AENDERUNG ---



Wed. 11. Apr. 2018, 14:00:51:, 100 Anfragen in 468.6 Sek gesendet.
AENDERUNG DES ANGEBOTS:
Wed. 11. Apr. 2018, 14:06:13
Starte mit Seite: 2
Starte mit Seite: 3
Fertig mit Seite: 2
Fertig mit Seite: 3
11,00 € --- 11,00 €
0 --- 0
12,10 € --- 12,10 €
1 --- 1
13,20 € --- 13,20 €
2 --- 2
13,20 € --- 13,20 €
3 --- 3
13,20 € --- 13,20 €
4 --- 4
13,20 € --- 13,20 €
5 --- 5
13,20 € --- 13,20 €
6 --- 6
16,50 € --- 13,20 €
----- 7
16,50 € --- 16,50 €
7 --- 8
16,50 € --- 16,50 €
8 --- 9
16,50 € --- 16,50 €
9 --- 10
16,50 € --- 16,50 €
10 --- 11
16,50 € --- 16,50 €
11 --- 12
17,60 € --- 17,60 €
12 --- 13
19,80 € --- 19,80 €
13 --- 14
38,50 € --- 38,50 €
14 --- 15
71,50 € --- 71,50 €
15 --- 16
71,50 € --- 71,50 €
16 --- 17
133,10 € --- 133,10 €
17 --- 18
176,00 € --- 176,00 €
18 --- 19
328,90 € --- 328,90 €
19 --- 20
328,90 € --- 328,90 €
20 --- 21
328,90 € --- 328,90 €
21 --- 22
328,90 € --- 328,90 €
22 --- 23
328,90 € --- 328,90 €
23 --- 24
a_i: 24 , len(old): 24
n_j: 25 , len(new): 25
-- REMOVED:
-- ADDED:
{'added': 1523448375, 'ticket_price': '13,20 €', 'still_available': True, 'btn_name': 'ctl00$MainContentPlaceHolder$_ticketResaleList$ctrl14$_addToCartCommand', 'ticket_type': 'Parkticket', 'page': 1}



--- ENDE AENDERUNG ---



Wed. 11. Apr. 2018, 14:06:29: telegramMsgCmd:
  chat_id: 9727018
  nachricht: /link
Wed. 11. Apr. 2018, 14:08:39:, 100 Anfragen in 468.5 Sek gesendet.
Wed. 11. Apr. 2018, 14:16:27:, 100 Anfragen in 467.2 Sek gesendet.
AENDERUNG DES ANGEBOTS:
Wed. 11. Apr. 2018, 14:22:08
Starte mit Seite: 2
Starte mit Seite: 3
Fertig mit Seite: 2
Fertig mit Seite: 3
11,00 € --- 11,00 €
0 --- 0
12,10 € --- 12,10 €
1 --- 1
13,20 € --- 13,20 €
2 --- 2
13,20 € --- 13,20 €
3 --- 3
13,20 € --- 13,20 €
4 --- 4
13,20 € --- 13,20 €
5 --- 5
13,20 € --- 13,20 €
6 --- 6
13,20 € --- 13,20 €
7 --- 7
16,50 € --- 16,50 €
8 --- 8
16,50 € --- 16,50 €
9 --- 9
16,50 € --- 16,50 €
10 --- 10
16,50 € --- 16,50 €
11 --- 11
16,50 € --- 16,50 €
12 --- 12
17,60 € --- 17,60 €
13 --- 13
19,80 € --- 19,80 €
14 --- 14
38,50 € --- 38,50 €
15 --- 15
71,50 € --- 71,50 €
16 --- 16
71,50 € --- 71,50 €
17 --- 17
133,10 € --- 176,00 €
18 -----
176,00 € --- 176,00 €
19 --- 18
328,90 € --- 328,90 €
20 --- 19
328,90 € --- 328,90 €
21 --- 20
328,90 € --- 328,90 €
22 --- 21
328,90 € --- 328,90 €
23 --- 22
328,90 € --- 328,90 €
24 --- 23
a_i: 25 , len(old): 25
n_j: 24 , len(new): 24
-- REMOVED:
{'i_reserved': True, 'added': 1523446353, 'ticket_price': '133,10 €', 'still_available': True, 'btn_name': 'ctl00$MainContentPlaceHolder$_ticketResaleList$ctrl14$_addToCartCommand', 'ticket_type': 'Festivalticket Phase 1', 'page': 2, 'removed': 1523449329}
-- ADDED:



--- ENDE AENDERUNG ---



Wed. 11. Apr. 2018, 14:24:15:, 100 Anfragen in 468.5 Sek gesendet.
Wed. 11. Apr. 2018, 14:32:03:, 100 Anfragen in 467.3 Sek gesendet.
Wed. 11. Apr. 2018, 14:39:50:, 100 Anfragen in 467.3 Sek gesendet.
Wed. 11. Apr. 2018, 14:47:38:, 100 Anfragen in 467.9 Sek gesendet.
Wed. 11. Apr. 2018, 14:55:26:, 100 Anfragen in 468.4 Sek gesendet.
Wed. 11. Apr. 2018, 15:03:14:, 100 Anfragen in 467.6 Sek gesendet.
Wed. 11. Apr. 2018, 15:11:02:, 100 Anfragen in 468.1 Sek gesendet.
Wed. 11. Apr. 2018, 15:18:51:, 100 Anfragen in 468.5 Sek gesendet.
Wed. 11. Apr. 2018, 15:19:13: telegramMsgCmd:
  chat_id: 9727018
  nachricht: /link
Wed. 11. Apr. 2018, 15:26:40:, 100 Anfragen in 469.5 Sek gesendet.
Wed. 11. Apr. 2018, 15:34:30:, 100 Anfragen in 469.2 Sek gesendet.
Wed. 11. Apr. 2018, 15:42:18:, 100 Anfragen in 468.8 Sek gesendet.
Wed. 11. Apr. 2018, 15:50:06:, 100 Anfragen in 467.8 Sek gesendet.
Wed. 11. Apr. 2018, 15:57:55:, 100 Anfragen in 468.5 Sek gesendet.
Wed. 11. Apr. 2018, 16:05:45:, 100 Anfragen in 470.3 Sek gesendet.
AENDERUNG DES ANGEBOTS:
Wed. 11. Apr. 2018, 16:06:14
Starte mit Seite: 2
Starte mit Seite: 3
Fertig mit Seite: 2
Fertig mit Seite: 3
11,00 € --- 11,00 €
0 --- 0
12,10 € --- 12,10 €
1 --- 1
13,20 € --- 13,20 €
2 --- 2
13,20 € --- 13,20 €
3 --- 3
13,20 € --- 13,20 €
4 --- 4
13,20 € --- 13,20 €
5 --- 5
13,20 € --- 13,20 €
6 --- 6
13,20 € --- 13,20 €
7 --- 7
16,50 € --- 16,50 €
8 --- 8
16,50 € --- 16,50 €
9 --- 9
16,50 € --- 16,50 €
10 --- 10
16,50 € --- 16,50 €
11 --- 11
16,50 € --- 16,50 €
12 --- 12
17,60 € --- 17,60 €
13 --- 13
19,80 € --- 38,50 €
14 -----
38,50 € --- 38,50 €
15 --- 14
71,50 € --- 71,50 €
16 --- 15
71,50 € --- 71,50 €
17 --- 16
176,00 € --- 328,90 €
18 -----
328,90 € --- 328,90 €
19 --- 17
328,90 € --- 328,90 €
20 --- 18
328,90 € --- 328,90 €
21 --- 19
328,90 € --- 328,90 €
22 --- 20
328,90 € --- 328,90 €
23 --- 21
a_i: 24 , len(old): 24
n_j: 22 , len(new): 22
-- REMOVED:
{'removed': 1523455575, 'added': 0, 'ticket_price': '19,80 €', 'still_available': True, 'btn_name': 'ctl00$MainContentPlaceHolder$_ticketResaleList$ctrl6$_addToCartCommand', 'ticket_type': 'Pre Party', 'page': 2}
{'removed': 1523455575, 'added': 1523447578, 'ticket_price': '176,00 €', 'still_available': True, 'btn_name': 'ctl00$MainContentPlaceHolder$_ticketResaleList$ctrl18$_addToCartCommand', 'ticket_type': 'Festivalticket Phase 3', 'page': 2}
-- ADDED:



--- ENDE AENDERUNG ---



Wed. 11. Apr. 2018, 16:13:37:, 100 Anfragen in 471.8 Sek gesendet.
Wed. 11. Apr. 2018, 16:21:25:, 100 Anfragen in 468.1 Sek gesendet.
Wed. 11. Apr. 2018, 16:29:14:, 100 Anfragen in 468.8 Sek gesendet.
Wed. 11. Apr. 2018, 16:37:02:, 100 Anfragen in 467.8 Sek gesendet.
Wed. 11. Apr. 2018, 16:44:49:, 100 Anfragen in 467.5 Sek gesendet.
Wed. 11. Apr. 2018, 16:52:38:, 100 Anfragen in 468.9 Sek gesendet.
Wed. 11. Apr. 2018, 17:00:27:, 100 Anfragen in 468.4 Sek gesendet.
AENDERUNG DES ANGEBOTS:
Wed. 11. Apr. 2018, 17:02:05
Starte mit Seite: 2
Starte mit Seite: 3
Fertig mit Seite: 2
Fertig mit Seite: 3
11,00 € --- 9,90 €
----- 0
11,00 € --- 11,00 €
0 --- 1
12,10 € --- 12,10 €
1 --- 2
13,20 € --- 13,20 €
2 --- 3
13,20 € --- 13,20 €
3 --- 4
13,20 € --- 13,20 €
4 --- 5
13,20 € --- 13,20 €
5 --- 6
13,20 € --- 13,20 €
6 --- 7
13,20 € --- 13,20 €
7 --- 8
16,50 € --- 16,50 €
8 --- 9
16,50 € --- 16,50 €
9 --- 10
16,50 € --- 16,50 €
10 --- 11
16,50 € --- 16,50 €
11 --- 12
16,50 € --- 16,50 €
12 --- 13
17,60 € --- 17,60 €
13 --- 14
38,50 € --- 38,50 €
14 --- 15
71,50 € --- 71,50 €
15 --- 16
71,50 € --- 71,50 €
16 --- 17
328,90 € --- 328,90 €
17 --- 18
328,90 € --- 328,90 €
18 --- 19
328,90 € --- 328,90 €
19 --- 20
328,90 € --- 328,90 €
20 --- 21
328,90 € --- 328,90 €
21 --- 22
a_i: 22 , len(old): 22
n_j: 23 , len(new): 23
-- REMOVED:
-- ADDED:
{'added': 1523458926, 'ticket_price': '9,90 €', 'still_available': True, 'btn_name': 'ctl00$MainContentPlaceHolder$_ticketResaleList$ctrl0$_addToCartCommand', 'ticket_type': 'Parkticket', 'page': 1}



--- ENDE AENDERUNG ---



AENDERUNG DES ANGEBOTS:
Wed. 11. Apr. 2018, 17:05:38
Starte mit Seite: 2
Starte mit Seite: 3
Fertig mit Seite: 2
Fertig mit Seite: 3
9,90 € --- 9,90 €
0 --- 0
11,00 € --- 11,00 €
1 --- 1
12,10 € --- 12,10 €
2 --- 2
13,20 € --- 13,20 €
3 --- 3
13,20 € --- 13,20 €
4 --- 4
13,20 € --- 13,20 €
5 --- 5
13,20 € --- 13,20 €
6 --- 6
13,20 € --- 13,20 €
7 --- 7
13,20 € --- 13,20 €
8 --- 8
16,50 € --- 16,50 €
9 --- 9
16,50 € --- 16,50 €
10 --- 10
16,50 € --- 16,50 €
11 --- 11
16,50 € --- 16,50 €
12 --- 12
16,50 € --- 16,50 €
13 --- 13
17,60 € --- 17,60 €
14 --- 14
38,50 € --- 38,50 €
15 --- 15
71,50 € --- 71,50 €
16 --- 16
71,50 € --- 71,50 €
17 --- 17
328,90 € --- 192,50 €
----- 18
328,90 € --- 328,90 €
18 --- 19
328,90 € --- 328,90 €
19 --- 20
328,90 € --- 328,90 €
20 --- 21
328,90 € --- 328,90 €
21 --- 22
328,90 € --- 328,90 €
22 --- 23
a_i: 23 , len(old): 23
n_j: 24 , len(new): 24
-- REMOVED:
-- ADDED:
{'added': 1523459139, 'ticket_price': '192,50 €', 'still_available': True, 'btn_name': 'ctl00$MainContentPlaceHolder$_ticketResaleList$ctrl16$_addToCartCommand', 'ticket_type': 'Festivalticket Phase 3', 'page': 2}



--- ENDE AENDERUNG ---



AENDERUNG DES ANGEBOTS:
Wed. 11. Apr. 2018, 17:06:27
Starte mit Seite: 2
Starte mit Seite: 3
Fertig mit Seite: 2
Fertig mit Seite: 3
9,90 € --- 9,90 €
0 --- 0
11,00 € --- 11,00 €
1 --- 1
12,10 € --- 12,10 €
2 --- 2
13,20 € --- 13,20 €
3 --- 3
13,20 € --- 13,20 €
4 --- 4
13,20 € --- 13,20 €
5 --- 5
13,20 € --- 13,20 €
6 --- 6
13,20 € --- 13,20 €
7 --- 7
13,20 € --- 13,20 €
8 --- 8
16,50 € --- 16,50 €
9 --- 9
16,50 € --- 16,50 €
10 --- 10
16,50 € --- 16,50 €
11 --- 11
16,50 € --- 16,50 €
12 --- 12
16,50 € --- 16,50 €
13 --- 13
17,60 € --- 17,60 €
14 --- 14
38,50 € --- 18,70 €
----- 15
38,50 € --- 38,50 €
15 --- 16
71,50 € --- 71,50 €
16 --- 17
71,50 € --- 71,50 €
17 --- 18
192,50 € --- 192,50 €
18 --- 19
328,90 € --- 328,90 €
19 --- 20
328,90 € --- 328,90 €
20 --- 21
328,90 € --- 328,90 €
21 --- 22
328,90 € --- 328,90 €
22 --- 23
328,90 € --- 328,90 €
23 --- 24
a_i: 24 , len(old): 24
n_j: 25 , len(new): 25
-- REMOVED:
-- ADDED:
{'added': 1523459188, 'ticket_price': '18,70 €', 'still_available': True, 'btn_name': 'ctl00$MainContentPlaceHolder$_ticketResaleList$ctrl10$_addToCartCommand', 'ticket_type': 'Pre Party', 'page': 2}



--- ENDE AENDERUNG ---



AENDERUNG DES ANGEBOTS:
Wed. 11. Apr. 2018, 17:07:01
Starte mit Seite: 2
Starte mit Seite: 3
Fertig mit Seite: 2
Fertig mit Seite: 3
9,90 € --- 9,90 €
0 --- 0
11,00 € --- 11,00 €
1 --- 1
12,10 € --- 12,10 €
2 --- 2
13,20 € --- 13,20 €
3 --- 3
13,20 € --- 13,20 €
4 --- 4
13,20 € --- 13,20 €
5 --- 5
13,20 € --- 13,20 €
6 --- 6
13,20 € --- 13,20 €
7 --- 7
13,20 € --- 13,20 €
8 --- 8
16,50 € --- 16,50 €
9 --- 9
16,50 € --- 16,50 €
10 --- 10
16,50 € --- 16,50 €
11 --- 11
16,50 € --- 16,50 €
12 --- 12
16,50 € --- 16,50 €
13 --- 13
17,60 € --- 17,60 €
14 --- 14
18,70 € --- 18,70 €
15 --- 15
38,50 € --- 38,50 €
16 --- 16
71,50 € --- 71,50 €
17 --- 17
71,50 € --- 71,50 €
18 --- 18
192,50 € --- 192,50 €
19 --- 19
328,90 € --- 192,50 €
----- 20
328,90 € --- 328,90 €
20 --- 21
328,90 € --- 328,90 €
21 --- 22
328,90 € --- 328,90 €
22 --- 23
328,90 € --- 328,90 €
23 --- 24
328,90 € --- 328,90 €
24 --- 25
a_i: 25 , len(old): 25
n_j: 26 , len(new): 26
-- REMOVED:
-- ADDED:
{'added': 1523459222, 'ticket_price': '192,50 €', 'still_available': True, 'btn_name': 'ctl00$MainContentPlaceHolder$_ticketResaleList$ctrl0$_addToCartCommand', 'ticket_type': 'Festivalticket Phase 3', 'page': 3}



--- ENDE AENDERUNG ---



AENDERUNG DES ANGEBOTS:
Wed. 11. Apr. 2018, 17:07:26
Starte mit Seite: 2
Starte mit Seite: 3
Fertig mit Seite: 2
Fertig mit Seite: 3
9,90 € --- 9,90 €
0 --- 0
11,00 € --- 11,00 €
1 --- 1
12,10 € --- 12,10 €
2 --- 2
13,20 € --- 13,20 €
3 --- 3
13,20 € --- 13,20 €
4 --- 4
13,20 € --- 13,20 €
5 --- 5
13,20 € --- 13,20 €
6 --- 6
13,20 € --- 13,20 €
7 --- 7
13,20 € --- 13,20 €
8 --- 8
16,50 € --- 16,50 €
9 --- 9
16,50 € --- 16,50 €
10 --- 10
16,50 € --- 16,50 €
11 --- 11
16,50 € --- 16,50 €
12 --- 12
16,50 € --- 16,50 €
13 --- 13
17,60 € --- 17,60 €
14 --- 14
18,70 € --- 18,70 €
15 --- 15
38,50 € --- 18,70 €
----- 16
38,50 € --- 38,50 €
16 --- 17
71,50 € --- 71,50 €
17 --- 18
71,50 € --- 71,50 €
18 --- 19
192,50 € --- 192,50 €
19 --- 20
192,50 € --- 192,50 €
20 --- 21
328,90 € --- 328,90 €
21 --- 22
328,90 € --- 328,90 €
22 --- 23
328,90 € --- 328,90 €
23 --- 24
328,90 € --- 328,90 €
24 --- 25
328,90 € --- 328,90 €
25 --- 26
a_i: 26 , len(old): 26
n_j: 27 , len(new): 27
-- REMOVED:
-- ADDED:
{'added': 1523459247, 'ticket_price': '18,70 €', 'still_available': True, 'btn_name': 'ctl00$MainContentPlaceHolder$_ticketResaleList$ctrl12$_addToCartCommand', 'ticket_type': 'Pre Party', 'page': 2}



--- ENDE AENDERUNG ---



AENDERUNG DES ANGEBOTS:
Wed. 11. Apr. 2018, 17:07:32
Starte mit Seite: 2
Starte mit Seite: 3
Fertig mit Seite: 2
Fertig mit Seite: 3
9,90 € --- 9,90 €
0 --- 0
11,00 € --- 11,00 €
1 --- 1
12,10 € --- 12,10 €
2 --- 2
13,20 € --- 13,20 €
3 --- 3
13,20 € --- 13,20 €
4 --- 4
13,20 € --- 13,20 €
5 --- 5
13,20 € --- 13,20 €
6 --- 6
13,20 € --- 13,20 €
7 --- 7
13,20 € --- 13,20 €
8 --- 8
16,50 € --- 16,50 €
9 --- 9
16,50 € --- 16,50 €
10 --- 10
16,50 € --- 16,50 €
11 --- 11
16,50 € --- 16,50 €
12 --- 12
16,50 € --- 16,50 €
13 --- 13
17,60 € --- 17,60 €
14 --- 14
18,70 € --- 18,70 €
15 --- 15
18,70 € --- 18,70 €
16 --- 16
38,50 € --- 38,50 €
17 --- 17
71,50 € --- 71,50 €
18 --- 18
71,50 € --- 71,50 €
19 --- 19
192,50 € --- 192,50 €
20 --- 20
192,50 € --- 328,90 €
21 -----
328,90 € --- 328,90 €
22 --- 21
328,90 € --- 328,90 €
23 --- 22
328,90 € --- 328,90 €
24 --- 23
328,90 € --- 328,90 €
25 --- 24
328,90 € --- 328,90 €
26 --- 25
a_i: 27 , len(old): 27
n_j: 26 , len(new): 26
-- REMOVED:
{'removed': 1523459253, 'added': 1523459222, 'ticket_price': '192,50 €', 'still_available': True, 'btn_name': 'ctl00$MainContentPlaceHolder$_ticketResaleList$ctrl0$_addToCartCommand', 'ticket_type': 'Festivalticket Phase 3', 'page': 3}
-- ADDED:



--- ENDE AENDERUNG ---



Wed. 11. Apr. 2018, 17:08:25:, 100 Anfragen in 478.7 Sek gesendet.
AENDERUNG DES ANGEBOTS:
Wed. 11. Apr. 2018, 17:16:27
Starte mit Seite: 2
Starte mit Seite: 3
Fertig mit Seite: 2
Fertig mit Seite: 3
9,90 € --- 9,90 €
0 --- 0
11,00 € --- 11,00 €
1 --- 1
12,10 € --- 12,10 €
2 --- 2
13,20 € --- 13,20 €
3 --- 3
13,20 € --- 13,20 €
4 --- 4
13,20 € --- 13,20 €
5 --- 5
13,20 € --- 13,20 €
6 --- 6
13,20 € --- 13,20 €
7 --- 7
13,20 € --- 13,20 €
8 --- 8
16,50 € --- 16,50 €
9 --- 9
16,50 € --- 16,50 €
10 --- 10
16,50 € --- 16,50 €
11 --- 11
16,50 € --- 16,50 €
12 --- 12
16,50 € --- 16,50 €
13 --- 13
17,60 € --- 17,60 €
14 --- 14
18,70 € --- 18,70 €
15 --- 15
18,70 € --- 18,70 €
16 --- 16
38,50 € --- 38,50 €
17 --- 17
71,50 € --- 71,50 €
18 --- 18
71,50 € --- 71,50 €
19 --- 19
192,50 € --- 192,50 €
20 --- 20
328,90 € --- 328,90 €
21 --- 21
328,90 € --- 328,90 €
22 --- 22
328,90 € --- 328,90 €
23 --- 23
328,90 € --- 328,90 €
24 --- 24
328,90 € --- 328,90 €
25 --- 25
a_i: 26 , len(old): 26
n_j: 26 , len(new): 27
j: 26
-- REMOVED:
-- ADDED:
{'added': 1523459788.7533154, 'ticket_price': '328,90 €', 'still_available': True, 'btn_name': 'ctl00$MainContentPlaceHolder$_ticketResaleList$ctrl12$_addToCartCommand', 'ticket_type': 'VIP Ticket', 'page': 3}



--- ENDE AENDERUNG ---



Wed. 11. Apr. 2018, 17:16:38:, 100 Anfragen in 493.0 Sek gesendet.
AENDERUNG DES ANGEBOTS:
Wed. 11. Apr. 2018, 17:19:37
Starte mit Seite: 2
Starte mit Seite: 3
Fertig mit Seite: 2
Fertig mit Seite: 3
9,90 € --- 11,00 €
0 -----
11,00 € --- 11,00 €
1 --- 0
12,10 € --- 12,10 €
2 --- 1
13,20 € --- 13,20 €
3 --- 2
13,20 € --- 13,20 €
4 --- 3
13,20 € --- 13,20 €
5 --- 4
13,20 € --- 13,20 €
6 --- 5
13,20 € --- 13,20 €
7 --- 6
13,20 € --- 13,20 €
8 --- 7
16,50 € --- 16,50 €
9 --- 8
16,50 € --- 16,50 €
10 --- 9
16,50 € --- 16,50 €
11 --- 10
16,50 € --- 16,50 €
12 --- 11
16,50 € --- 16,50 €
13 --- 12
17,60 € --- 17,60 €
14 --- 13
18,70 € --- 18,70 €
15 --- 14
18,70 € --- 18,70 €
16 --- 15
38,50 € --- 38,50 €
17 --- 16
71,50 € --- 71,50 €
18 --- 17
71,50 € --- 71,50 €
19 --- 18
192,50 € --- 328,90 €
20 -----
328,90 € --- 328,90 €
21 --- 19
328,90 € --- 328,90 €
22 --- 20
328,90 € --- 328,90 €
23 --- 21
328,90 € --- 328,90 €
24 --- 22
328,90 € --- 328,90 €
25 --- 23
328,90 € --- 328,90 €
26 --- 24
a_i: 27 , len(old): 27
n_j: 25 , len(new): 25
-- REMOVED:
{'removed': 1523459978, 'added': 1523458926, 'ticket_price': '9,90 €', 'still_available': True, 'btn_name': 'ctl00$MainContentPlaceHolder$_ticketResaleList$ctrl0$_addToCartCommand', 'ticket_type': 'Parkticket', 'page': 1}
{'removed': 1523459978, 'added': 1523459139, 'ticket_price': '192,50 €', 'still_available': True, 'btn_name': 'ctl00$MainContentPlaceHolder$_ticketResaleList$ctrl16$_addToCartCommand', 'ticket_type': 'Festivalticket Phase 3', 'page': 2}
-- ADDED:



--- ENDE AENDERUNG ---



Wed. 11. Apr. 2018, 17:25:22:, 100 Anfragen in 523.7 Sek gesendet.
Wed. 11. Apr. 2018, 17:34:49:, 100 Anfragen in 566.7 Sek gesendet.
Wed. 11. Apr. 2018, 17:45:07:, 100 Anfragen in 617.9 Sek gesendet.
Wed. 11. Apr. 2018, 17:56:00:, 100 Anfragen in 653.5 Sek gesendet.
Wed. 11. Apr. 2018, 18:07:14:, 100 Anfragen in 673.0 Sek gesendet.
Wed. 11. Apr. 2018, 18:18:28:, 100 Anfragen in 674.0 Sek gesendet.
AENDERUNG DES ANGEBOTS:
Wed. 11. Apr. 2018, 18:22:24
Starte mit Seite: 2
Starte mit Seite: 3
Fertig mit Seite: 2
Fertig mit Seite: 3
11,00 € --- 11,00 €
0 --- 0
12,10 € --- 12,10 €
1 --- 1
13,20 € --- 13,20 €
2 --- 2
13,20 € --- 13,20 €
3 --- 3
13,20 € --- 13,20 €
4 --- 4
13,20 € --- 13,20 €
5 --- 5
13,20 € --- 13,20 €
6 --- 6
13,20 € --- 13,20 €
7 --- 7
16,50 € --- 16,50 €
8 --- 8
16,50 € --- 16,50 €
9 --- 9
16,50 € --- 16,50 €
10 --- 10
16,50 € --- 16,50 €
11 --- 11
16,50 € --- 16,50 €
12 --- 12
17,60 € --- 17,60 €
13 --- 13
18,70 € --- 18,70 €
14 --- 14
18,70 € --- 18,70 €
15 --- 15
38,50 € --- 38,50 €
16 --- 16
71,50 € --- 71,50 €
17 --- 17
71,50 € --- 71,50 €
18 --- 18
328,90 € --- 328,90 €
19 --- 19
328,90 € --- 328,90 €
20 --- 20
328,90 € --- 328,90 €
21 --- 21
328,90 € --- 328,90 €
22 --- 22
328,90 € --- 328,90 €
23 --- 23
328,90 € --- 328,90 €
24 --- 24
a_i: 25 , len(old): 25
n_j: 25 , len(new): 26
j: 25
-- REMOVED:
-- ADDED:
{'added': 1523463745.1781871, 'ticket_price': '328,90 €', 'still_available': True, 'btn_name': 'ctl00$MainContentPlaceHolder$_ticketResaleList$ctrl10$_addToCartCommand', 'ticket_type': 'VIP Ticket', 'page': 3}



--- ENDE AENDERUNG ---



Wed. 11. Apr. 2018, 18:29:40:, 100 Anfragen in 672.3 Sek gesendet.
Wed. 11. Apr. 2018, 18:40:50:, 100 Anfragen in 670.2 Sek gesendet.
Wed. 11. Apr. 2018, 18:52:03:, 100 Anfragen in 672.8 Sek gesendet.
Wed. 11. Apr. 2018, 19:03:11:, 100 Anfragen in 668.4 Sek gesendet.
Wed. 11. Apr. 2018, 19:14:26:, 100 Anfragen in 674.4 Sek gesendet.
Wed. 11. Apr. 2018, 19:25:54:, 100 Anfragen in 688.5 Sek gesendet.
AENDERUNG DES ANGEBOTS:
Wed. 11. Apr. 2018, 19:28:11
Starte mit Seite: 2
Starte mit Seite: 3
Fertig mit Seite: 2
Fertig mit Seite: 3
11,00 € --- 11,00 €
0 --- 0
12,10 € --- 12,10 €
1 --- 1
13,20 € --- 13,20 €
2 --- 2
13,20 € --- 13,20 €
3 --- 3
13,20 € --- 13,20 €
4 --- 4
13,20 € --- 13,20 €
5 --- 5
13,20 € --- 13,20 €
6 --- 6
13,20 € --- 13,20 €
7 --- 7
16,50 € --- 16,50 €
8 --- 8
16,50 € --- 16,50 €
9 --- 9
16,50 € --- 16,50 €
10 --- 10
16,50 € --- 16,50 €
11 --- 11
16,50 € --- 16,50 €
12 --- 12
17,60 € --- 17,60 €
13 --- 13
18,70 € --- 18,70 €
14 --- 14
18,70 € --- 18,70 €
15 --- 15
38,50 € --- 38,50 €
16 --- 16
71,50 € --- 71,50 €
17 --- 17
71,50 € --- 71,50 €
18 --- 18
328,90 € --- 176,00 €
----- 19
328,90 € --- 328,90 €
19 --- 20
328,90 € --- 328,90 €
20 --- 21
328,90 € --- 328,90 €
21 --- 22
328,90 € --- 328,90 €
22 --- 23
328,90 € --- 328,90 €
23 --- 24
328,90 € --- 328,90 €
24 --- 25
328,90 € --- 328,90 €
25 --- 26
a_i: 26 , len(old): 26
n_j: 27 , len(new): 27
-- REMOVED:
-- ADDED:
{'added': 1523467692, 'ticket_price': '176,00 €', 'still_available': True, 'btn_name': 'ctl00$MainContentPlaceHolder$_ticketResaleList$ctrl18$_addToCartCommand', 'ticket_type': 'Festivalticket Phase 2', 'page': 2}



--- ENDE AENDERUNG ---



Wed. 11. Apr. 2018, 19:37:08:, 100 Anfragen in 673.1 Sek gesendet.
AENDERUNG DES ANGEBOTS:
Wed. 11. Apr. 2018, 19:45:43
Starte mit Seite: 2
Starte mit Seite: 3
Fertig mit Seite: 2
Fertig mit Seite: 3
11,00 € --- 11,00 €
0 --- 0
12,10 € --- 12,10 €
1 --- 1
13,20 € --- 13,20 €
2 --- 2
13,20 € --- 13,20 €
3 --- 3
13,20 € --- 13,20 €
4 --- 4
13,20 € --- 13,20 €
5 --- 5
13,20 € --- 13,20 €
6 --- 6
13,20 € --- 13,20 €
7 --- 7
16,50 € --- 16,50 €
8 --- 8
16,50 € --- 16,50 €
9 --- 9
16,50 € --- 16,50 €
10 --- 10
16,50 € --- 16,50 €
11 --- 11
16,50 € --- 16,50 €
12 --- 12
17,60 € --- 17,60 €
13 --- 13
18,70 € --- 18,70 €
14 --- 14
18,70 € --- 18,70 €
15 --- 15
38,50 € --- 38,50 €
16 --- 16
71,50 € --- 71,50 €
17 --- 17
71,50 € --- 71,50 €
18 --- 18
176,00 € --- 328,90 €
19 -----
328,90 € --- 328,90 €
20 --- 19
328,90 € --- 328,90 €
21 --- 20
328,90 € --- 328,90 €
22 --- 21
328,90 € --- 328,90 €
23 --- 22
328,90 € --- 328,90 €
24 --- 23
328,90 € --- 328,90 €
25 --- 24
328,90 € --- 328,90 €
26 --- 25
a_i: 27 , len(old): 27
n_j: 26 , len(new): 26
-- REMOVED:
{'removed': 1523468744, 'added': 1523467692, 'ticket_price': '176,00 €', 'still_available': True, 'btn_name': 'ctl00$MainContentPlaceHolder$_ticketResaleList$ctrl18$_addToCartCommand', 'ticket_type': 'Festivalticket Phase 2', 'page': 2}
-- ADDED:



--- ENDE AENDERUNG ---



Wed. 11. Apr. 2018, 19:48:18:, 100 Anfragen in 670.2 Sek gesendet.
Wed. 11. Apr. 2018, 19:59:27:, 100 Anfragen in 669.1 Sek gesendet.
Wed. 11. Apr. 2018, 20:10:39:, 100 Anfragen in 671.9 Sek gesendet.
AENDERUNG DES ANGEBOTS:
Wed. 11. Apr. 2018, 20:15:07
Starte mit Seite: 2
Starte mit Seite: 3
Fertig mit Seite: 2
Fertig mit Seite: 3
11,00 € --- 11,00 €
0 --- 0
12,10 € --- 12,10 €
1 --- 1
13,20 € --- 13,20 €
2 --- 2
13,20 € --- 13,20 €
3 --- 3
13,20 € --- 13,20 €
4 --- 4
13,20 € --- 13,20 €
5 --- 5
13,20 € --- 13,20 €
6 --- 6
13,20 € --- 13,20 €
7 --- 7
16,50 € --- 16,50 €
8 --- 8
16,50 € --- 16,50 €
9 --- 9
16,50 € --- 16,50 €
10 --- 10
16,50 € --- 16,50 €
11 --- 11
16,50 € --- 16,50 €
12 --- 12
17,60 € --- 17,60 €
13 --- 13
18,70 € --- 18,70 €
14 --- 14
18,70 € --- 18,70 €
15 --- 15
38,50 € --- 38,50 €
16 --- 16
71,50 € --- 71,50 €
17 --- 17
71,50 € --- 71,50 €
18 --- 18
328,90 € --- 176,00 €
----- 19
328,90 € --- 328,90 €
19 --- 20
328,90 € --- 328,90 €
20 --- 21
328,90 € --- 328,90 €
21 --- 22
328,90 € --- 328,90 €
22 --- 23
328,90 € --- 328,90 €
23 --- 24
328,90 € --- 328,90 €
24 --- 25
328,90 € --- 328,90 €
25 --- 26
a_i: 26 , len(old): 26
n_j: 27 , len(new): 27
-- REMOVED:
-- ADDED:
{'added': 1523470508, 'ticket_price': '176,00 €', 'still_available': True, 'btn_name': 'ctl00$MainContentPlaceHolder$_ticketResaleList$ctrl18$_addToCartCommand', 'ticket_type': 'Festivalticket Phase 3', 'page': 2}



--- ENDE AENDERUNG ---



Wed. 11. Apr. 2018, 20:21:49:, 100 Anfragen in 670.3 Sek gesendet.
AENDERUNG DES ANGEBOTS:
Wed. 11. Apr. 2018, 20:23:43
Starte mit Seite: 2
Starte mit Seite: 3
Fertig mit Seite: 2
Fertig mit Seite: 3
11,00 € --- 11,00 €
0 --- 0
12,10 € --- 12,10 €
1 --- 1
13,20 € --- 13,20 €
2 --- 2
13,20 € --- 13,20 €
3 --- 3
13,20 € --- 13,20 €
4 --- 4
13,20 € --- 13,20 €
5 --- 5
13,20 € --- 13,20 €
6 --- 6
13,20 € --- 13,20 €
7 --- 7
16,50 € --- 16,50 €
8 --- 8
16,50 € --- 16,50 €
9 --- 9
16,50 € --- 16,50 €
10 --- 10
16,50 € --- 16,50 €
11 --- 11
16,50 € --- 17,60 €
12 -----
17,60 € --- 17,60 €
13 --- 12
18,70 € --- 18,70 €
14 --- 13
18,70 € --- 18,70 €
15 --- 14
38,50 € --- 38,50 €
16 --- 15
71,50 € --- 71,50 €
17 --- 16
71,50 € --- 71,50 €
18 --- 17
176,00 € --- 328,90 €
19 -----
328,90 € --- 328,90 €
20 --- 18
328,90 € --- 328,90 €
21 --- 19
328,90 € --- 328,90 €
22 --- 20
328,90 € --- 328,90 €
23 --- 21
328,90 € --- 328,90 €
24 --- 22
328,90 € --- 328,90 €
25 --- 23
328,90 € --- 328,90 €
26 --- 24
a_i: 27 , len(old): 27
n_j: 25 , len(new): 25
-- REMOVED:
{'removed': 1523471024, 'added': 0, 'ticket_price': '16,50 €', 'still_available': True, 'btn_name': 'ctl00$MainContentPlaceHolder$_ticketResaleList$ctrl2$_addToCartCommand', 'ticket_type': 'Pre Party', 'page': 2}
{'removed': 1523471024, 'added': 1523470508, 'ticket_price': '176,00 €', 'still_available': True, 'btn_name': 'ctl00$MainContentPlaceHolder$_ticketResaleList$ctrl18$_addToCartCommand', 'ticket_type': 'Festivalticket Phase 3', 'page': 2}
-- ADDED:



--- ENDE AENDERUNG ---



Wed. 11. Apr. 2018, 20:32:58:, 100 Anfragen in 668.6 Sek gesendet.
Wed. 11. Apr. 2018, 20:44:10:, 100 Anfragen in 671.9 Sek gesendet.
Wed. 11. Apr. 2018, 20:55:25:, 100 Anfragen in 674.6 Sek gesendet.
Wed. 11. Apr. 2018, 21:06:33:, 100 Anfragen in 668.4 Sek gesendet.
AENDERUNG DES ANGEBOTS:
Wed. 11. Apr. 2018, 21:08:38
Starte mit Seite: 2
Starte mit Seite: 3
Fertig mit Seite: 2
Fertig mit Seite: 3
11,00 € --- 11,00 €
0 --- 0
12,10 € --- 12,10 €
1 --- 1
13,20 € --- 13,20 €
2 --- 2
13,20 € --- 13,20 €
3 --- 3
13,20 € --- 13,20 €
4 --- 4
13,20 € --- 13,20 €
5 --- 5
13,20 € --- 13,20 €
6 --- 6
13,20 € --- 13,20 €
7 --- 7
16,50 € --- 14,30 €
----- 8
16,50 € --- 16,50 €
8 --- 9
16,50 € --- 16,50 €
9 --- 10
16,50 € --- 16,50 €
10 --- 11
16,50 € --- 16,50 €
11 --- 12
17,60 € --- 17,60 €
12 --- 13
18,70 € --- 18,70 €
13 --- 14
18,70 € --- 18,70 €
14 --- 15
38,50 € --- 38,50 €
15 --- 16
71,50 € --- 71,50 €
16 --- 17
71,50 € --- 71,50 €
17 --- 18
328,90 € --- 328,90 €
18 --- 19
328,90 € --- 328,90 €
19 --- 20
328,90 € --- 328,90 €
20 --- 21
328,90 € --- 328,90 €
21 --- 22
328,90 € --- 328,90 €
22 --- 23
328,90 € --- 328,90 €
23 --- 24
328,90 € --- 328,90 €
24 --- 25
a_i: 25 , len(old): 25
n_j: 26 , len(new): 26
-- REMOVED:
-- ADDED:
{'added': 1523473719, 'ticket_price': '14,30 €', 'still_available': True, 'btn_name': 'ctl00$MainContentPlaceHolder$_ticketResaleList$ctrl16$_addToCartCommand', 'ticket_type': 'Pre Party', 'page': 1}



--- ENDE AENDERUNG ---



AENDERUNG DES ANGEBOTS:
Wed. 11. Apr. 2018, 21:10:24
Starte mit Seite: 2
Starte mit Seite: 3
Fertig mit Seite: 2
Fertig mit Seite: 3
11,00 € --- 11,00 €
0 --- 0
12,10 € --- 12,10 €
1 --- 1
13,20 € --- 13,20 €
2 --- 2
13,20 € --- 13,20 €
3 --- 3
13,20 € --- 13,20 €
4 --- 4
13,20 € --- 13,20 €
5 --- 5
13,20 € --- 13,20 €
6 --- 6
13,20 € --- 13,20 €
7 --- 7
14,30 € --- 14,30 €
8 --- 8
16,50 € --- 16,50 €
9 --- 9
16,50 € --- 16,50 €
10 --- 10
16,50 € --- 16,50 €
11 --- 11
16,50 € --- 16,50 €
12 --- 12
17,60 € --- 17,60 €
13 --- 13
18,70 € --- 18,70 €
14 --- 14
18,70 € --- 18,70 €
15 --- 15
38,50 € --- 38,50 €
16 --- 16
71,50 € --- 71,50 €
17 --- 17
71,50 € --- 71,50 €
18 --- 18
328,90 € --- 157,30 €
----- 19
328,90 € --- 328,90 €
19 --- 20
328,90 € --- 328,90 €
20 --- 21
328,90 € --- 328,90 €
21 --- 22
328,90 € --- 328,90 €
22 --- 23
328,90 € --- 328,90 €
23 --- 24
328,90 € --- 328,90 €
24 --- 25
328,90 € --- 328,90 €
25 --- 26
a_i: 26 , len(old): 26
n_j: 27 , len(new): 27
-- REMOVED:
-- ADDED:
{'added': 1523473825, 'ticket_price': '157,30 €', 'still_available': True, 'btn_name': 'ctl00$MainContentPlaceHolder$_ticketResaleList$ctrl18$_addToCartCommand', 'ticket_type': 'Festivalticket Phase 1', 'page': 2}



--- ENDE AENDERUNG ---



AENDERUNG DES ANGEBOTS:
Wed. 11. Apr. 2018, 21:16:34
Starte mit Seite: 2
Starte mit Seite: 3
Fertig mit Seite: 2
Fertig mit Seite: 3
11,00 € --- 11,00 €
0 --- 0
12,10 € --- 12,10 €
1 --- 1
13,20 € --- 13,20 €
2 --- 2
13,20 € --- 13,20 €
3 --- 3
13,20 € --- 13,20 €
4 --- 4
13,20 € --- 13,20 €
5 --- 5
13,20 € --- 13,20 €
6 --- 6
13,20 € --- 13,20 €
7 --- 7
14,30 € --- 14,30 €
8 --- 8
16,50 € --- 16,50 €
9 --- 9
16,50 € --- 16,50 €
10 --- 10
16,50 € --- 16,50 €
11 --- 11
16,50 € --- 16,50 €
12 --- 12
17,60 € --- 17,60 €
13 --- 13
18,70 € --- 18,70 €
14 --- 14
18,70 € --- 18,70 €
15 --- 15
38,50 € --- 38,50 €
16 --- 16
71,50 € --- 71,50 €
17 --- 17
71,50 € --- 71,50 €
18 --- 18
157,30 € --- 328,90 €
19 -----
328,90 € --- 328,90 €
20 --- 19
328,90 € --- 328,90 €
21 --- 20
328,90 € --- 328,90 €
22 --- 21
328,90 € --- 328,90 €
23 --- 22
328,90 € --- 328,90 €
24 --- 23
328,90 € --- 328,90 €
25 --- 24
328,90 € --- 328,90 €
26 --- 25
a_i: 27 , len(old): 27
n_j: 26 , len(new): 26
-- REMOVED:
{'removed': 1523474195, 'added': 1523473825, 'ticket_price': '157,30 €', 'still_available': True, 'btn_name': 'ctl00$MainContentPlaceHolder$_ticketResaleList$ctrl18$_addToCartCommand', 'ticket_type': 'Festivalticket Phase 1', 'page': 2}
-- ADDED:



--- ENDE AENDERUNG ---



Wed. 11. Apr. 2018, 21:17:25:, 100 Anfragen in 652.4 Sek gesendet.
AENDERUNG DES ANGEBOTS:
Wed. 11. Apr. 2018, 21:23:57
Starte mit Seite: 2
Starte mit Seite: 3
Fertig mit Seite: 3
Fertig mit Seite: 2
11,00 € --- 11,00 €
0 --- 0
12,10 € --- 12,10 €
1 --- 1
13,20 € --- 13,20 €
2 --- 2
13,20 € --- 13,20 €
3 --- 3
13,20 € --- 13,20 €
4 --- 4
13,20 € --- 13,20 €
5 --- 5
13,20 € --- 13,20 €
6 --- 6
13,20 € --- 13,20 €
7 --- 7
14,30 € --- 14,30 €
8 --- 8
16,50 € --- 16,50 €
9 --- 9
16,50 € --- 16,50 €
10 --- 10
16,50 € --- 16,50 €
11 --- 11
16,50 € --- 16,50 €
12 --- 12
17,60 € --- 17,60 €
13 --- 13
18,70 € --- 18,70 €
14 --- 14
18,70 € --- 18,70 €
15 --- 15
38,50 € --- 38,50 €
16 --- 16
71,50 € --- 71,50 €
17 --- 17
71,50 € --- 71,50 €
18 --- 18
328,90 € --- 176,00 €
----- 19
328,90 € --- 328,90 €
19 --- 20
328,90 € --- 328,90 €
20 --- 21
328,90 € --- 328,90 €
21 --- 22
328,90 € --- 328,90 €
22 --- 23
328,90 € --- 328,90 €
23 --- 24
328,90 € --- 328,90 €
24 --- 25
328,90 € --- 328,90 €
25 --- 26
a_i: 26 , len(old): 26
n_j: 27 , len(new): 27
-- REMOVED:
-- ADDED:
{'added': 1523474639, 'ticket_price': '176,00 €', 'still_available': True, 'btn_name': 'ctl00$MainContentPlaceHolder$_ticketResaleList$ctrl18$_addToCartCommand', 'ticket_type': 'Festivalticket Phase 3', 'page': 2}



--- ENDE AENDERUNG ---



AENDERUNG DES ANGEBOTS:
Wed. 11. Apr. 2018, 21:26:58
Starte mit Seite: 2
Starte mit Seite: 3
Fertig mit Seite: 2
Fertig mit Seite: 3
11,00 € --- 11,00 €
0 --- 0
12,10 € --- 12,10 €
1 --- 1
13,20 € --- 13,20 €
2 --- 2
13,20 € --- 13,20 €
3 --- 3
13,20 € --- 13,20 €
4 --- 4
13,20 € --- 13,20 €
5 --- 5
13,20 € --- 13,20 €
6 --- 6
13,20 € --- 13,20 €
7 --- 7
14,30 € --- 14,30 €
8 --- 8
16,50 € --- 16,50 €
9 --- 9
16,50 € --- 16,50 €
10 --- 10
16,50 € --- 16,50 €
11 --- 11
16,50 € --- 16,50 €
12 --- 12
17,60 € --- 17,60 €
13 --- 13
18,70 € --- 18,70 €
14 --- 14
18,70 € --- 18,70 €
15 --- 15
38,50 € --- 38,50 €
16 --- 16
71,50 € --- 71,50 €
17 --- 17
71,50 € --- 71,50 €
18 --- 18
176,00 € --- 176,00 €
19 --- 19
328,90 € --- 328,90 €
20 --- 20
328,90 € --- 328,90 €
21 --- 21
328,90 € --- 328,90 €
22 --- 22
328,90 € --- 328,90 €
23 --- 23
328,90 € --- 328,90 €
24 --- 24
328,90 € --- 328,90 €
25 --- 25
a_i: 26 , len(old): 27
n_j: 26 , len(new): 26
i: 26
-- REMOVED:
{'removed': 1523474819.3237298, 'added': 1523463745.1781871, 'ticket_price': '328,90 €', 'still_available': True, 'btn_name': 'ctl00$MainContentPlaceHolder$_ticketResaleList$ctrl10$_addToCartCommand', 'ticket_type': 'VIP Ticket', 'page': 3}
-- ADDED:



--- ENDE AENDERUNG ---



Wed. 11. Apr. 2018, 21:27:40:, 100 Anfragen in 614.7 Sek gesendet.
AENDERUNG DES ANGEBOTS:
Wed. 11. Apr. 2018, 21:29:54
Starte mit Seite: 2
Starte mit Seite: 3
Fertig mit Seite: 2
Fertig mit Seite: 3
11,00 € --- 11,00 €
0 --- 0
12,10 € --- 12,10 €
1 --- 1
13,20 € --- 13,20 €
2 --- 2
13,20 € --- 13,20 €
3 --- 3
13,20 € --- 13,20 €
4 --- 4
13,20 € --- 13,20 €
5 --- 5
13,20 € --- 13,20 €
6 --- 6
13,20 € --- 13,20 €
7 --- 7
14,30 € --- 14,30 €
8 --- 8
16,50 € --- 16,50 €
9 --- 9
16,50 € --- 16,50 €
10 --- 10
16,50 € --- 16,50 €
11 --- 11
16,50 € --- 16,50 €
12 --- 12
17,60 € --- 17,60 €
13 --- 13
18,70 € --- 18,70 €
14 --- 14
18,70 € --- 18,70 €
15 --- 15
38,50 € --- 38,50 €
16 --- 16
71,50 € --- 71,50 €
17 --- 17
71,50 € --- 71,50 €
18 --- 18
176,00 € --- 328,90 €
19 -----
328,90 € --- 328,90 €
20 --- 19
328,90 € --- 328,90 €
21 --- 20
328,90 € --- 328,90 €
22 --- 21
328,90 € --- 328,90 €
23 --- 22
328,90 € --- 328,90 €
24 --- 23
328,90 € --- 328,90 €
25 --- 24
a_i: 26 , len(old): 26
n_j: 25 , len(new): 25
-- REMOVED:
{'removed': 1523474996, 'added': 1523474639, 'ticket_price': '176,00 €', 'still_available': True, 'btn_name': 'ctl00$MainContentPlaceHolder$_ticketResaleList$ctrl18$_addToCartCommand', 'ticket_type': 'Festivalticket Phase 3', 'page': 2}
-- ADDED:



--- ENDE AENDERUNG ---



Wed. 11. Apr. 2018, 21:37:03:, 100 Anfragen in 563.2 Sek gesendet.
Wed. 11. Apr. 2018, 21:45:45:, 100 Anfragen in 521.2 Sek gesendet.
Wed. 11. Apr. 2018, 21:53:50:, 100 Anfragen in 485.5 Sek gesendet.
Wed. 11. Apr. 2018, 22:01:42:, 100 Anfragen in 472.0 Sek gesendet.
Wed. 11. Apr. 2018, 22:09:30:, 100 Anfragen in 467.5 Sek gesendet.
Wed. 11. Apr. 2018, 22:17:22:, 100 Anfragen in 472.6 Sek gesendet.
Wed. 11. Apr. 2018, 22:25:24:, 100 Anfragen in 481.6 Sek gesendet.
Wed. 11. Apr. 2018, 22:33:13:, 100 Anfragen in 469.4 Sek gesendet.
Wed. 11. Apr. 2018, 22:41:03:, 100 Anfragen in 469.6 Sek gesendet.
Wed. 11. Apr. 2018, 22:48:52:, 100 Anfragen in 468.9 Sek gesendet.
Wed. 11. Apr. 2018, 22:56:51:, 100 Anfragen in 479.0 Sek gesendet.
Wed. 11. Apr. 2018, 23:04:53:, 100 Anfragen in 481.6 Sek gesendet.
Wed. 11. Apr. 2018, 23:12:58:, 100 Anfragen in 485.4 Sek gesendet.
AENDERUNG DES ANGEBOTS:
Wed. 11. Apr. 2018, 23:14:11
Starte mit Seite: 2
Starte mit Seite: 3
Fertig mit Seite: 2
Fertig mit Seite: 3
11,00 € --- 11,00 €
0 --- 0
12,10 € --- 12,10 €
1 --- 1
13,20 € --- 13,20 €
2 --- 2
13,20 € --- 13,20 €
3 --- 3
13,20 € --- 13,20 €
4 --- 4
13,20 € --- 13,20 €
5 --- 5
13,20 € --- 13,20 €
6 --- 6
13,20 € --- 13,20 €
7 --- 7
14,30 € --- 14,30 €
8 --- 8
16,50 € --- 16,50 €
9 --- 9
16,50 € --- 16,50 €
10 --- 10
16,50 € --- 16,50 €
11 --- 11
16,50 € --- 16,50 €
12 --- 12
17,60 € --- 17,60 €
13 --- 13
18,70 € --- 18,70 €
14 --- 14
18,70 € --- 18,70 €
15 --- 15
38,50 € --- 38,50 €
16 --- 16
71,50 € --- 71,50 €
17 --- 17
71,50 € --- 71,50 €
18 --- 18
328,90 € --- 110,00 €
----- 19
328,90 € --- 328,90 €
19 --- 20
328,90 € --- 328,90 €
20 --- 21
328,90 € --- 328,90 €
21 --- 22
328,90 € --- 328,90 €
22 --- 23
328,90 € --- 328,90 €
23 --- 24
328,90 € --- 328,90 €
24 --- 25
a_i: 25 , len(old): 25
n_j: 26 , len(new): 26
-- REMOVED:
-- ADDED:
Try to reserve a ticket:
  name: Festivalticket Phase 1
  price: 110,00 €
{'added': 1523481253, 'ticket_price': '110,00 €', 'still_available': True, 'btn_name': 'ctl00$MainContentPlaceHolder$_ticketResaleList$ctrl18$_addToCartCommand', 'ticket_type': 'Festivalticket Phase 1', 'page': 2}



--- ENDE AENDERUNG ---




Cookies der Session:

  .ASPXANONYMOUS:
oNk44GsI1AEkAAAAMmFmNTY1MjctNjJkYS00ZmI1LTk2OGMtNjg5Mjc0ZWFlOTRjt52ayjdnudJ-awahXH28UgzAwQg1

  ASP.NET_SessionId:
eqzoose2bbiimk4mlpxnbsr5


  duration (1x post): 0.13822507858276367
Wed. 11. Apr. 2018, 23:21:06:, 100 Anfragen in 487.9 Sek gesendet.
Wed. 11. Apr. 2018, 23:29:13:, 100 Anfragen in 486.2 Sek gesendet.
Wed. 11. Apr. 2018, 23:37:13:, 100 Anfragen in 480.7 Sek gesendet.
Wed. 11. Apr. 2018, 23:45:07:, 100 Anfragen in 473.5 Sek gesendet.
AENDERUNG DES ANGEBOTS:
Wed. 11. Apr. 2018, 23:47:28
Starte mit Seite: 2
Starte mit Seite: 3
Fertig mit Seite: 2
Fertig mit Seite: 3
11,00 € --- 11,00 €
0 --- 0
12,10 € --- 12,10 €
1 --- 1
13,20 € --- 13,20 €
2 --- 2
13,20 € --- 13,20 €
3 --- 3
13,20 € --- 13,20 €
4 --- 4
13,20 € --- 13,20 €
5 --- 5
13,20 € --- 13,20 €
6 --- 6
13,20 € --- 13,20 €
7 --- 7
14,30 € --- 14,30 €
8 --- 8
16,50 € --- 16,50 €
9 --- 9
16,50 € --- 16,50 €
10 --- 10
16,50 € --- 16,50 €
11 --- 11
16,50 € --- 16,50 €
12 --- 12
17,60 € --- 17,60 €
13 --- 13
18,70 € --- 18,70 €
14 --- 14
18,70 € --- 18,70 €
15 --- 15
38,50 € --- 38,50 €
16 --- 16
71,50 € --- 71,50 €
17 --- 17
71,50 € --- 71,50 €
18 --- 18
110,00 € --- 328,90 €
19 -----
328,90 € --- 328,90 €
20 --- 19
328,90 € --- 328,90 €
21 --- 20
328,90 € --- 328,90 €
22 --- 21
328,90 € --- 328,90 €
23 --- 22
328,90 € --- 328,90 €
24 --- 23
328,90 € --- 328,90 €
25 --- 24
a_i: 26 , len(old): 26
n_j: 25 , len(new): 25
-- REMOVED:
{'i_reserved': True, 'added': 1523481253, 'ticket_price': '110,00 €', 'still_available': True, 'btn_name': 'ctl00$MainContentPlaceHolder$_ticketResaleList$ctrl18$_addToCartCommand', 'ticket_type': 'Festivalticket Phase 1', 'page': 2, 'removed': 1523483249}
-- ADDED:



--- ENDE AENDERUNG ---



Wed. 11. Apr. 2018, 23:53:02:, 100 Anfragen in 474.9 Sek gesendet.
AENDERUNG DES ANGEBOTS:
Wed. 11. Apr. 2018, 23:59:26
Starte mit Seite: 2
Starte mit Seite: 3
Fertig mit Seite: 2
Fertig mit Seite: 3
11,00 € --- 11,00 €
0 --- 0
12,10 € --- 12,10 €
1 --- 1
13,20 € --- 13,20 €
2 --- 2
13,20 € --- 13,20 €
3 --- 3
13,20 € --- 13,20 €
4 --- 4
13,20 € --- 13,20 €
5 --- 5
13,20 € --- 13,20 €
6 --- 6
13,20 € --- 13,20 €
7 --- 7
14,30 € --- 14,30 €
8 --- 8
16,50 € --- 16,50 €
9 --- 9
16,50 € --- 16,50 €
10 --- 10
16,50 € --- 16,50 €
11 --- 11
16,50 € --- 16,50 €
12 --- 12
17,60 € --- 17,60 €
13 --- 13
18,70 € --- 18,70 €
14 --- 14
18,70 € --- 18,70 €
15 --- 15
38,50 € --- 38,50 €
16 --- 16
71,50 € --- 71,50 €
17 --- 17
71,50 € --- 71,50 €
18 --- 18
328,90 € --- 176,00 €
----- 19
328,90 € --- 328,90 €
19 --- 20
328,90 € --- 328,90 €
20 --- 21
328,90 € --- 328,90 €
21 --- 22
328,90 € --- 328,90 €
22 --- 23
328,90 € --- 328,90 €
23 --- 24
328,90 € --- 328,90 €
24 --- 25
a_i: 25 , len(old): 25
n_j: 26 , len(new): 26
-- REMOVED:
-- ADDED:
{'added': 1523483967, 'ticket_price': '176,00 €', 'still_available': True, 'btn_name': 'ctl00$MainContentPlaceHolder$_ticketResaleList$ctrl18$_addToCartCommand', 'ticket_type': 'Festivalticket Phase 3', 'page': 2}



--- ENDE AENDERUNG ---



Thu. 12. Apr. 2018, 00:00:56:, 100 Anfragen in 473.9 Sek gesendet.
Thu. 12. Apr. 2018, 00:08:44:, 100 Anfragen in 468.6 Sek gesendet.
AENDERUNG DES ANGEBOTS:
Thu. 12. Apr. 2018, 00:09:17
Starte mit Seite: 2
Starte mit Seite: 3
Fertig mit Seite: 2
Fertig mit Seite: 3
11,00 € --- 11,00 €
0 --- 0
12,10 € --- 12,10 €
1 --- 1
13,20 € --- 13,20 €
2 --- 2
13,20 € --- 13,20 €
3 --- 3
13,20 € --- 13,20 €
4 --- 4
13,20 € --- 13,20 €
5 --- 5
13,20 € --- 13,20 €
6 --- 6
13,20 € --- 13,20 €
7 --- 7
14,30 € --- 14,30 €
8 --- 8
16,50 € --- 16,50 €
9 --- 9
16,50 € --- 16,50 €
10 --- 10
16,50 € --- 16,50 €
11 --- 11
16,50 € --- 16,50 €
12 --- 12
17,60 € --- 17,60 €
13 --- 13
18,70 € --- 18,70 €
14 --- 14
18,70 € --- 18,70 €
15 --- 15
38,50 € --- 38,50 €
16 --- 16
71,50 € --- 71,50 €
17 --- 17
71,50 € --- 71,50 €
18 --- 18
176,00 € --- 328,90 €
19 -----
328,90 € --- 328,90 €
20 --- 19
328,90 € --- 328,90 €
21 --- 20
328,90 € --- 328,90 €
22 --- 21
328,90 € --- 328,90 €
23 --- 22
328,90 € --- 328,90 €
24 --- 23
328,90 € --- 328,90 €
25 --- 24
a_i: 26 , len(old): 26
n_j: 25 , len(new): 25
-- REMOVED:
{'removed': 1523484558, 'added': 1523483967, 'ticket_price': '176,00 €', 'still_available': True, 'btn_name': 'ctl00$MainContentPlaceHolder$_ticketResaleList$ctrl18$_addToCartCommand', 'ticket_type': 'Festivalticket Phase 3', 'page': 2}
-- ADDED:



--- ENDE AENDERUNG ---



Thu. 12. Apr. 2018, 00:16:34:, 100 Anfragen in 469.6 Sek gesendet.
Thu. 12. Apr. 2018, 00:24:23:, 100 Anfragen in 468.5 Sek gesendet.
Thu. 12. Apr. 2018, 00:32:11:, 100 Anfragen in 468.4 Sek gesendet.
Thu. 12. Apr. 2018, 00:40:43:, 100 Anfragen in 512.1 Sek gesendet.
Thu. 12. Apr. 2018, 00:52:01:, 100 Anfragen in 677.4 Sek gesendet.
Thu. 12. Apr. 2018, 01:06:11:, 100 Anfragen in 850.2 Sek gesendet.
Thu. 12. Apr. 2018, 01:20:39:, 100 Anfragen in 868.1 Sek gesendet.
Thu. 12. Apr. 2018, 01:35:08:, 100 Anfragen in 868.5 Sek gesendet.
Thu. 12. Apr. 2018, 01:49:36:, 100 Anfragen in 868.0 Sek gesendet.
Thu. 12. Apr. 2018, 02:04:04:, 100 Anfragen in 868.3 Sek gesendet.
AENDERUNG DES ANGEBOTS:
Thu. 12. Apr. 2018, 02:10:09
Starte mit Seite: 2
Starte mit Seite: 3
Fertig mit Seite: 2
Fertig mit Seite: 3
11,00 € --- 11,00 €
0 --- 0
12,10 € --- 12,10 €
1 --- 1
13,20 € --- 13,20 €
2 --- 2
13,20 € --- 13,20 €
3 --- 3
13,20 € --- 13,20 €
4 --- 4
13,20 € --- 13,20 €
5 --- 5
13,20 € --- 13,20 €
6 --- 6
13,20 € --- 13,20 €
7 --- 7
14,30 € --- 14,30 €
8 --- 8
16,50 € --- 16,50 €
9 --- 9
16,50 € --- 16,50 €
10 --- 10
16,50 € --- 16,50 €
11 --- 11
16,50 € --- 16,50 €
12 --- 12
17,60 € --- 17,60 €
13 --- 13
18,70 € --- 18,70 €
14 --- 14
18,70 € --- 18,70 €
15 --- 15
38,50 € --- 38,50 €
16 --- 16
71,50 € --- 71,50 €
17 --- 17
71,50 € --- 71,50 €
18 --- 18
328,90 € --- 176,00 €
----- 19
328,90 € --- 328,90 €
19 --- 20
328,90 € --- 328,90 €
20 --- 21
328,90 € --- 328,90 €
21 --- 22
328,90 € --- 328,90 €
22 --- 23
328,90 € --- 328,90 €
23 --- 24
328,90 € --- 328,90 €
24 --- 25
a_i: 25 , len(old): 25
n_j: 26 , len(new): 26
-- REMOVED:
-- ADDED:
{'added': 1523491810, 'ticket_price': '176,00 €', 'still_available': True, 'btn_name': 'ctl00$MainContentPlaceHolder$_ticketResaleList$ctrl18$_addToCartCommand', 'ticket_type': 'Festivalticket Phase 3', 'page': 2}



--- ENDE AENDERUNG ---



Thu. 12. Apr. 2018, 02:18:33:, 100 Anfragen in 869.3 Sek gesendet.
Thu. 12. Apr. 2018, 02:33:01:, 100 Anfragen in 867.7 Sek gesendet.
Thu. 12. Apr. 2018, 02:47:29:, 100 Anfragen in 868.0 Sek gesendet.
Thu. 12. Apr. 2018, 03:01:57:, 100 Anfragen in 867.9 Sek gesendet.
Thu. 12. Apr. 2018, 03:16:27:, 100 Anfragen in 869.5 Sek gesendet.
Thu. 12. Apr. 2018, 03:30:55:, 100 Anfragen in 868.0 Sek gesendet.
Thu. 12. Apr. 2018, 03:45:24:, 100 Anfragen in 868.9 Sek gesendet.
Thu. 12. Apr. 2018, 03:59:55:, 100 Anfragen in 870.8 Sek gesendet.
Thu. 12. Apr. 2018, 04:14:29:, 100 Anfragen in 874.8 Sek gesendet.
Thu. 12. Apr. 2018, 04:29:05:, 100 Anfragen in 875.4 Sek gesendet.
Thu. 12. Apr. 2018, 04:43:52:, 100 Anfragen in 886.6 Sek gesendet.
Thu. 12. Apr. 2018, 04:58:37:, 100 Anfragen in 885.7 Sek gesendet.
Thu. 12. Apr. 2018, 05:13:14:, 100 Anfragen in 876.9 Sek gesendet.
Thu. 12. Apr. 2018, 05:28:02:, 100 Anfragen in 887.4 Sek gesendet.
Thu. 12. Apr. 2018, 05:42:34:, 100 Anfragen in 872.1 Sek gesendet.
Thu. 12. Apr. 2018, 05:57:08:, 100 Anfragen in 873.7 Sek gesendet.
AENDERUNG DES ANGEBOTS:
Thu. 12. Apr. 2018, 06:01:29
Starte mit Seite: 2
Starte mit Seite: 3
Fertig mit Seite: 2
Fertig mit Seite: 3
11,00 € --- 11,00 €
0 --- 0
12,10 € --- 12,10 €
1 --- 1
13,20 € --- 13,20 €
2 --- 2
13,20 € --- 13,20 €
3 --- 3
13,20 € --- 13,20 €
4 --- 4
13,20 € --- 13,20 €
5 --- 5
13,20 € --- 13,20 €
6 --- 6
13,20 € --- 13,20 €
7 --- 7
14,30 € --- 14,30 €
8 --- 8
16,50 € --- 16,50 €
9 --- 9
16,50 € --- 16,50 €
10 --- 10
16,50 € --- 16,50 €
11 --- 11
16,50 € --- 16,50 €
12 --- 12
17,60 € --- 17,60 €
13 --- 13
18,70 € --- 18,70 €
14 --- 14
18,70 € --- 18,70 €
15 --- 15
38,50 € --- 38,50 €
16 --- 16
71,50 € --- 71,50 €
17 --- 17
71,50 € --- 71,50 €
18 --- 18
176,00 € --- 328,90 €
19 -----
328,90 € --- 328,90 €
20 --- 19
328,90 € --- 328,90 €
21 --- 20
328,90 € --- 328,90 €
22 --- 21
328,90 € --- 328,90 €
23 --- 22
328,90 € --- 328,90 €
24 --- 23
328,90 € --- 328,90 €
25 --- 24
a_i: 26 , len(old): 26
n_j: 25 , len(new): 25
-- REMOVED:
{'removed': 1523505690, 'added': 1523491810, 'ticket_price': '176,00 €', 'still_available': True, 'btn_name': 'ctl00$MainContentPlaceHolder$_ticketResaleList$ctrl18$_addToCartCommand', 'ticket_type': 'Festivalticket Phase 3', 'page': 2}
-- ADDED:



--- ENDE AENDERUNG ---



Thu. 12. Apr. 2018, 06:11:45:, 100 Anfragen in 877.0 Sek gesendet.
Thu. 12. Apr. 2018, 06:26:23:, 100 Anfragen in 878.4 Sek gesendet.
Thu. 12. Apr. 2018, 06:40:57:, 100 Anfragen in 874.1 Sek gesendet.
Thu. 12. Apr. 2018, 06:55:25:, 100 Anfragen in 868.1 Sek gesendet.
Thu. 12. Apr. 2018, 07:09:52:, 100 Anfragen in 866.9 Sek gesendet.
Thu. 12. Apr. 2018, 07:24:20:, 100 Anfragen in 867.3 Sek gesendet.
AENDERUNG DES ANGEBOTS:
Thu. 12. Apr. 2018, 07:30:32
Starte mit Seite: 2
Starte mit Seite: 3
Fertig mit Seite: 2
Fertig mit Seite: 3
11,00 € --- 11,00 €
0 --- 0
12,10 € --- 12,10 €
1 --- 1
13,20 € --- 13,20 €
2 --- 2
13,20 € --- 13,20 €
3 --- 3
13,20 € --- 13,20 €
4 --- 4
13,20 € --- 13,20 €
5 --- 5
13,20 € --- 13,20 €
6 --- 6
13,20 € --- 13,20 €
7 --- 7
14,30 € --- 14,30 €
8 --- 8
16,50 € --- 16,50 €
9 --- 9
16,50 € --- 16,50 €
10 --- 10
16,50 € --- 16,50 €
11 --- 11
16,50 € --- 16,50 €
12 --- 12
17,60 € --- 17,60 €
13 --- 13
18,70 € --- 18,70 €
14 --- 14
18,70 € --- 18,70 €
15 --- 15
38,50 € --- 38,50 €
16 --- 16
71,50 € --- 71,50 €
17 --- 17
71,50 € --- 71,50 €
18 --- 18
328,90 € --- 328,90 €
19 --- 19
328,90 € --- 328,90 €
20 --- 20
328,90 € --- 328,90 €
21 --- 21
328,90 € --- 328,90 €
22 --- 22
328,90 € --- 328,90 €
23 --- 23
328,90 € --- 328,90 €
24 --- 24
a_i: 25 , len(old): 25
n_j: 25 , len(new): 26
j: 25
-- REMOVED:
-- ADDED:
{'added': 1523511033.9967632, 'ticket_price': '328,90 €', 'still_available': True, 'btn_name': 'ctl00$MainContentPlaceHolder$_ticketResaleList$ctrl10$_addToCartCommand', 'ticket_type': 'VIP Ticket', 'page': 3}



--- ENDE AENDERUNG ---



Traceback (most recent call last):
  File "/home/monti/.local/lib/python3.5/site-packages/urllib3/connectionpool.py", line 601, in urlopen
    chunked=chunked)
  File "/home/monti/.local/lib/python3.5/site-packages/urllib3/connectionpool.py", line 387, in _make_request
    six.raise_from(e, None)
  File "<string>", line 2, in raise_from
  File "/home/monti/.local/lib/python3.5/site-packages/urllib3/connectionpool.py", line 383, in _make_request
    httplib_response = conn.getresponse()
  File "/usr/lib/python3.5/http/client.py", line 1198, in getresponse
    response.begin()
  File "/usr/lib/python3.5/http/client.py", line 297, in begin
    version, status, reason = self._read_status()
  File "/usr/lib/python3.5/http/client.py", line 258, in _read_status
    line = str(self.fp.readline(_MAXLINE + 1), "iso-8859-1")
  File "/usr/lib/python3.5/socket.py", line 576, in readinto
    return self._sock.recv_into(b)
  File "/usr/lib/python3.5/ssl.py", line 937, in recv_into
    return self.read(nbytes, buffer)
  File "/usr/lib/python3.5/ssl.py", line 799, in read
    return self._sslobj.read(len, buffer)
  File "/usr/lib/python3.5/ssl.py", line 583, in read
    v = self._sslobj.read(len, buffer)
ConnectionResetError: [Errno 104] Connection reset by peer

During handling of the above exception, another exception occurred:

Traceback (most recent call last):
  File "/home/monti/.local/lib/python3.5/site-packages/requests/adapters.py", line 440, in send
    timeout=timeout
  File "/home/monti/.local/lib/python3.5/site-packages/urllib3/connectionpool.py", line 639, in urlopen
    _stacktrace=sys.exc_info()[2])
  File "/home/monti/.local/lib/python3.5/site-packages/urllib3/util/retry.py", line 357, in increment
    raise six.reraise(type(error), error, _stacktrace)
  File "/home/monti/.local/lib/python3.5/site-packages/urllib3/packages/six.py", line 685, in reraise
    raise value.with_traceback(tb)
  File "/home/monti/.local/lib/python3.5/site-packages/urllib3/connectionpool.py", line 601, in urlopen
    chunked=chunked)
  File "/home/monti/.local/lib/python3.5/site-packages/urllib3/connectionpool.py", line 387, in _make_request
    six.raise_from(e, None)
  File "<string>", line 2, in raise_from
  File "/home/monti/.local/lib/python3.5/site-packages/urllib3/connectionpool.py", line 383, in _make_request
    httplib_response = conn.getresponse()
  File "/usr/lib/python3.5/http/client.py", line 1198, in getresponse
    response.begin()
  File "/usr/lib/python3.5/http/client.py", line 297, in begin
    version, status, reason = self._read_status()
  File "/usr/lib/python3.5/http/client.py", line 258, in _read_status
    line = str(self.fp.readline(_MAXLINE + 1), "iso-8859-1")
  File "/usr/lib/python3.5/socket.py", line 576, in readinto
    return self._sock.recv_into(b)
  File "/usr/lib/python3.5/ssl.py", line 937, in recv_into
    return self.read(nbytes, buffer)
  File "/usr/lib/python3.5/ssl.py", line 799, in read
    return self._sslobj.read(len, buffer)
  File "/usr/lib/python3.5/ssl.py", line 583, in read
    v = self._sslobj.read(len, buffer)
urllib3.exceptions.ProtocolError: ('Connection aborted.', ConnectionResetError(104, 'Connection reset by peer'))

During handling of the above exception, another exception occurred:

Traceback (most recent call last):
  File "ticketBot.py", line 85, in <module>
    main()
  File "ticketBot.py", line 72, in main
    ticket_list = webTix.list_tix_diff(ticket_list)
  File "/home/monti/ticketbot/splashTicketBot/webTicket.py", line 264, in list_tix_diff
    curr_ticket_list, page_post_data = fetch_all_tickets(len(old_ticket_list))
  File "/home/monti/ticketbot/splashTicketBot/webTicket.py", line 214, in fetch_all_tickets
    new_ticket_amount, ses_p1, soup_p1 = count_tickets()
  File "/home/monti/ticketbot/splashTicketBot/webTicket.py", line 138, in count_tickets
    page = ses.get(util.url, headers=util.header).content
  File "/home/monti/.local/lib/python3.5/site-packages/requests/sessions.py", line 521, in get
    return self.request('GET', url, **kwargs)
  File "/home/monti/.local/lib/python3.5/site-packages/requests/sessions.py", line 508, in request
    resp = self.send(prep, **send_kwargs)
  File "/home/monti/.local/lib/python3.5/site-packages/requests/sessions.py", line 618, in send
    r = adapter.send(request, **kwargs)
  File "/home/monti/.local/lib/python3.5/site-packages/requests/adapters.py", line 490, in send
    raise ConnectionError(err, request=request)
requests.exceptions.ConnectionError: ('Connection aborted.', ConnectionResetError(104, 'Connection reset by peer'))
