Exception in thread Thread-1:
Traceback (most recent call last):
  File "/home/monti/.local/lib/python3.5/site-packages/telegram/utils/request.py", line 150, in _parse
    data = json.loads(decoded_s)
  File "/usr/lib/python3.5/json/__init__.py", line 319, in loads
    return _default_decoder.decode(s)
  File "/usr/lib/python3.5/json/decoder.py", line 339, in decode
    obj, end = self.raw_decode(s, idx=_w(s, 0).end())
  File "/usr/lib/python3.5/json/decoder.py", line 357, in raw_decode
    raise JSONDecodeError("Expecting value", s, err.value) from None
json.decoder.JSONDecodeError: Expecting value: line 1 column 1 (char 0)

During handling of the above exception, another exception occurred:

Traceback (most recent call last):
  File "/usr/lib/python3.5/threading.py", line 914, in _bootstrap_inner
    self.run()
  File "/home/monti/ticketbot/splashTicketBot/telegramMessenger.py", line 83, in run
    self.respond()
  File "/home/monti/ticketbot/splashTicketBot/telegramMessenger.py", line 92, in respond
    for update in bot.get_updates(offset=self.update_id, timeout=10):
  File "/home/monti/.local/lib/python3.5/site-packages/telegram/bot.py", line 60, in decorator
    result = func(self, *args, **kwargs)
  File "/home/monti/.local/lib/python3.5/site-packages/telegram/bot.py", line 1720, in get_updates
    result = self._request.post(url, data, timeout=float(read_latency) + float(timeout))
  File "/home/monti/.local/lib/python3.5/site-packages/telegram/utils/request.py", line 272, in post
    **urlopen_kwargs)
  File "/home/monti/.local/lib/python3.5/site-packages/telegram/utils/request.py", line 203, in _request_wrapper
    message = self._parse(resp.data)
  File "/home/monti/.local/lib/python3.5/site-packages/telegram/utils/request.py", line 152, in _parse
    raise TelegramError('Invalid server response')
telegram.error.TelegramError: Invalid server response

    ticketBot, start: Sat. 17. Mar. 2018, 23:31:34
Sat. 17. Mar. 2018, 23:31:50: telegramMsgCmd:
  chat_id: 9727018
  nachricht: /link
Sat. 17. Mar. 2018, 23:39:20: 100 Anfragen in 466.0 Sek gesendet.
Sat. 17. Mar. 2018, 23:47:09: 100 Anfragen in 468.9 Sek gesendet.
Sat. 17. Mar. 2018, 23:54:55: 100 Anfragen in 466.0 Sek gesendet.
Sun. 18. Mar. 2018, 00:02:41: 100 Anfragen in 465.9 Sek gesendet.
Sun. 18. Mar. 2018, 00:10:28: 100 Anfragen in 466.3 Sek gesendet.
Sun. 18. Mar. 2018, 00:18:14: 100 Anfragen in 466.3 Sek gesendet.
Sun. 18. Mar. 2018, 00:26:00: 100 Anfragen in 466.4 Sek gesendet.
Sun. 18. Mar. 2018, 00:33:49: 100 Anfragen in 468.2 Sek gesendet.
Sun. 18. Mar. 2018, 00:42:42: 100 Anfragen in 533.2 Sek gesendet.
Sun. 18. Mar. 2018, 00:54:41: 100 Anfragen in 719.3 Sek gesendet.
Sun. 18. Mar. 2018, 01:09:02: 100 Anfragen in 860.9 Sek gesendet.
Sun. 18. Mar. 2018, 01:23:29: 100 Anfragen in 866.5 Sek gesendet.
Sun. 18. Mar. 2018, 01:37:55: 100 Anfragen in 866.3 Sek gesendet.
Sun. 18. Mar. 2018, 01:52:21: 100 Anfragen in 866.2 Sek gesendet.
Sun. 18. Mar. 2018, 02:06:48: 100 Anfragen in 866.3 Sek gesendet.
Sun. 18. Mar. 2018, 02:21:14: 100 Anfragen in 866.3 Sek gesendet.
Sun. 18. Mar. 2018, 02:35:41: 100 Anfragen in 866.5 Sek gesendet.
Sun. 18. Mar. 2018, 02:50:09: 100 Anfragen in 868.6 Sek gesendet.
Sun. 18. Mar. 2018, 03:04:36: 100 Anfragen in 866.5 Sek gesendet.
Sun. 18. Mar. 2018, 03:19:02: 100 Anfragen in 866.6 Sek gesendet.
Sun. 18. Mar. 2018, 03:33:29: 100 Anfragen in 866.2 Sek gesendet.
Sun. 18. Mar. 2018, 03:47:55: 100 Anfragen in 866.0 Sek gesendet.
Sun. 18. Mar. 2018, 04:02:21: 100 Anfragen in 866.2 Sek gesendet.
Sun. 18. Mar. 2018, 04:16:48: 100 Anfragen in 866.6 Sek gesendet.
Sun. 18. Mar. 2018, 04:31:15: 100 Anfragen in 866.9 Sek gesendet.
Sun. 18. Mar. 2018, 04:45:41: 100 Anfragen in 865.9 Sek gesendet.
Sun. 18. Mar. 2018, 05:00:08: 100 Anfragen in 867.0 Sek gesendet.
Sun. 18. Mar. 2018, 05:14:34: 100 Anfragen in 866.2 Sek gesendet.
Sun. 18. Mar. 2018, 05:29:00: 100 Anfragen in 866.3 Sek gesendet.
Sun. 18. Mar. 2018, 05:43:27: 100 Anfragen in 866.2 Sek gesendet.
Sun. 18. Mar. 2018, 05:57:53: 100 Anfragen in 866.1 Sek gesendet.
Sun. 18. Mar. 2018, 06:12:20: 100 Anfragen in 866.8 Sek gesendet.
Sun. 18. Mar. 2018, 06:26:46: 100 Anfragen in 866.1 Sek gesendet.
Sun. 18. Mar. 2018, 06:41:13: 100 Anfragen in 866.8 Sek gesendet.
Sun. 18. Mar. 2018, 06:55:40: 100 Anfragen in 866.9 Sek gesendet.
Sun. 18. Mar. 2018, 07:10:06: 100 Anfragen in 866.6 Sek gesendet.
Sun. 18. Mar. 2018, 07:24:33: 100 Anfragen in 866.8 Sek gesendet.
Sun. 18. Mar. 2018, 07:39:00: 100 Anfragen in 866.6 Sek gesendet.
Sun. 18. Mar. 2018, 07:53:26: 100 Anfragen in 866.5 Sek gesendet.
Sun. 18. Mar. 2018, 08:07:54: 100 Anfragen in 867.9 Sek gesendet.
Sun. 18. Mar. 2018, 08:22:21: 100 Anfragen in 866.8 Sek gesendet.
Sun. 18. Mar. 2018, 08:36:49: 100 Anfragen in 867.7 Sek gesendet.
Sun. 18. Mar. 2018, 08:51:15: 100 Anfragen in 866.6 Sek gesendet.
Sun. 18. Mar. 2018, 09:05:41: 100 Anfragen in 865.8 Sek gesendet.
Sun. 18. Mar. 2018, 09:07:41: Aenderung des Angebots!
Sun. 18. Mar. 2018, 09:19:24: 100 Anfragen in 823.1 Sek gesendet.
Traceback (most recent call last):
  File "ticketBot.py", line 109, in <module>
    main()
  File "ticketBot.py", line 96, in main
    elems_available = list_and_reserve(elems_available)
  File "ticketBot.py", line 28, in list_and_reserve
    (ses, items, post_data, cart_items) = webTix.fetch_tickets()
  File "/home/monti/ticketbot/splashTicketBot/webTicket.py", line 63, in fetch_tickets
    post_data = get_post_datadict(soup)
  File "/home/monti/ticketbot/splashTicketBot/webTicket.py", line 30, in get_post_datadict
    "__PREVIOUSPAGE": soup.select_one("#__PREVIOUSPAGE")["value"],
  File "/home/monti/.local/lib/python3.5/site-packages/bs4/element.py", line 1340, in select_one
    value = self.select(selector, limit=1)
  File "/home/monti/.local/lib/python3.5/site-packages/bs4/element.py", line 1363, in select
    tokens = shlex.split(selector)
  File "/usr/lib/python3.5/shlex.py", line 273, in split
    return list(lex)
  File "/usr/lib/python3.5/shlex.py", line 263, in __next__
    token = self.get_token()
  File "/usr/lib/python3.5/shlex.py", line 90, in get_token
    raw = self.read_token()
  File "/usr/lib/python3.5/shlex.py", line 232, in read_token
    self.token = ''
KeyboardInterrupt
